<?xml version="1.0" encoding="UTF-8"?>
<!-- Generated by org.testng.reporters.JUnitReportReporter -->
<testsuite hostname="CDC2-D-CJ1NXJ2" name="sample2.Dragdemo" tests="1" failures="0" timestamp="27 Nov 2019 06:19:14 GMT" time="0.166" errors="0">
  <testcase name="Drag" time="0.166" classname="sample2.Dragdemo"/>
</testsuite> <!-- sample2.Dragdemo -->
