<?xml version="1.0" encoding="UTF-8"?>
<!-- Generated by org.testng.reporters.JUnitReportReporter -->
<testsuite hostname="CDC2-D-CJ1NXJ2" name="sample2.Program3" tests="1" failures="0" timestamp="27 Nov 2019 07:16:24 GMT" time="3.457" errors="0">
  <testcase name="moveto" time="3.457" classname="sample2.Program3"/>
</testsuite> <!-- sample2.Program3 -->
