<?xml version="1.0" encoding="UTF-8"?>
<!-- Generated by org.testng.reporters.JUnitReportReporter -->
<testsuite hostname="CDC2-D-CJ1NXJ2" name="tests.Tests" tests="2" failures="0" timestamp="28 Nov 2019 05:20:29 GMT" time="19.055" errors="0">
  <testcase name="testbooking" time="0.002" classname="tests.Tests"/>
  <testcase name="testlogin" time="19.053" classname="tests.Tests"/>
</testsuite> <!-- tests.Tests -->
