<?xml version="1.0" encoding="UTF-8"?>
<!-- Generated by org.testng.reporters.JUnitReportReporter -->
<testsuite hostname="CDC2-D-CJ1NXJ2" name="sample2.test1" tests="1" failures="0" timestamp="27 Nov 2019 04:45:09 GMT" time="10.647" errors="0">
  <testcase name="Login" time="10.647" classname="sample2.test1"/>
</testsuite> <!-- sample2.test1 -->
