<?xml version="1.0" encoding="UTF-8"?>
<!-- Generated by org.testng.reporters.JUnitReportReporter -->
<testsuite hostname="CDC2-D-CJ1NXJ2" name="sample2.NewTest" tests="1" failures="0" timestamp="27 Nov 2019 05:12:51 GMT" time="0.337" errors="0">
  <testcase name="Login" time="0.337" classname="sample2.NewTest"/>
</testsuite> <!-- sample2.NewTest -->
